<?xml version="1.0" encoding="UTF-8"?>
<!-- Generated by org.testng.reporters.JUnitReportReporter -->
<testsuite hostname="LAPTOP-LO4OAQDU" failures="0" tests="1" name="Testing.Lunchbrowser" time="12.686" errors="0" timestamp="2024-05-11T16:24:11 IST" skipped="0">
  <testcase classname="Testing.Lunchbrowser" name="test" time="12.686"/>
</testsuite> <!-- Testing.Lunchbrowser -->
