<?xml version="1.0" encoding="UTF-8"?>
<!-- Generated by org.testng.reporters.JUnitReportReporter -->
<testsuite hostname="LAPTOP-LO4OAQDU" failures="0" tests="1" name="Testing.Registering_account" time="21.301" errors="0" timestamp="2024-12-26T22:32:37 IST" skipped="0">
  <testcase classname="Testing.Registering_account" name="LunchingBrowser" time="21.301"/>
</testsuite> <!-- Testing.Registering_account -->
